<?xml version="1.0" encoding="UTF-8"?>
<testsuite name="TailTest" tests="1" skipped="0" failures="0" errors="0" timestamp="2023-03-19T18:07:46" hostname="LAPTOP-6DCDBB3K" time="0.018">
  <properties/>
  <testcase name="test()" classname="TailTest" time="0.018"/>
  <system-out><![CDATA[]]></system-out>
  <system-err><![CDATA[]]></system-err>
</testsuite>
