<?xml version="1.0" encoding="UTF-8"?>
<testsuite name="TailTest" tests="4" skipped="0" failures="0" errors="0" timestamp="2023-03-24T17:23:59" hostname="LAPTOP-6DCDBB3K" time="0.385">
  <properties/>
  <testcase name="Quatar()" classname="TailTest" time="0.06"/>
  <testcase name="a_27()" classname="TailTest" time="0.012"/>
  <testcase name="b_27()" classname="TailTest" time="0.297"/>
  <testcase name="Essay()" classname="TailTest" time="0.011"/>
  <system-out><![CDATA[]]></system-out>
  <system-err><![CDATA[]]></system-err>
</testsuite>
