<?xml version="1.0" encoding="UTF-8"?>
<testsuite name="TailTest" tests="4" skipped="0" failures="0" errors="0" timestamp="2023-03-23T14:57:11" hostname="LAPTOP-6DCDBB3K" time="0.33">
  <properties/>
  <testcase name="Quatar()" classname="TailTest" time="0.028"/>
  <testcase name="a_27()" classname="TailTest" time="0.003"/>
  <testcase name="b_27()" classname="TailTest" time="0.292"/>
  <testcase name="Essay()" classname="TailTest" time="0.003"/>
  <system-out><![CDATA[]]></system-out>
  <system-err><![CDATA[]]></system-err>
</testsuite>
